Loaded 2214 valid triplets (left, right, depth)
Using device: cuda
CUDA available: True
GPU name: NVIDIA GeForce RTX 4090
Number of GPUs: 1
Epoch 1/220 - Train Loss: 8.7456, Test Loss: 1.4692, Train EPE: 40.7490, Test EPE: 42.2967
  New best model found with test loss: 1.4692
=> Saving checkpoint
Epoch 2/220 - Train Loss: 1.2770, Test Loss: 1.0961, Train EPE: 38.4594, Test EPE: 35.6367
  New best model found with test loss: 1.0961
=> Saving checkpoint
Epoch 3/220 - Train Loss: 0.9329, Test Loss: 0.7911, Train EPE: 32.9149, Test EPE: 30.4108
  New best model found with test loss: 0.7911
=> Saving checkpoint
Epoch 4/220 - Train Loss: 0.7634, Test Loss: 0.6875, Train EPE: 28.0768, Test EPE: 25.8725
  New best model found with test loss: 0.6875
=> Saving checkpoint
Epoch 5/220 - Train Loss: 0.6218, Test Loss: 0.5302, Train EPE: 23.4448, Test EPE: 20.4001
  New best model found with test loss: 0.5302
=> Saving checkpoint
Epoch 6/220 - Train Loss: 0.4937, Test Loss: 0.4468, Train EPE: 18.7868, Test EPE: 16.8509
  New best model found with test loss: 0.4468
=> Saving checkpoint
Epoch 7/220 - Train Loss: 0.4127, Test Loss: 0.3723, Train EPE: 15.6114, Test EPE: 14.2528
  New best model found with test loss: 0.3723
=> Saving checkpoint
Epoch 8/220 - Train Loss: 0.3418, Test Loss: 0.3193, Train EPE: 13.0757, Test EPE: 11.8672
  New best model found with test loss: 0.3193
=> Saving checkpoint
Epoch 9/220 - Train Loss: 0.3078, Test Loss: 0.3158, Train EPE: 11.3666, Test EPE: 11.4029
  New best model found with test loss: 0.3158
=> Saving checkpoint
Epoch 10/220 - Train Loss: 0.2899, Test Loss: 0.2841, Train EPE: 10.2684, Test EPE: 9.7961
  New best model found with test loss: 0.2841
=> Saving checkpoint
Epoch 11/220 - Train Loss: 0.2747, Test Loss: 0.2699, Train EPE: 9.4435, Test EPE: 9.0277
  New best model found with test loss: 0.2699
=> Saving checkpoint
Epoch 12/220 - Train Loss: 0.2698, Test Loss: 0.2675, Train EPE: 8.9709, Test EPE: 8.6724
  New best model found with test loss: 0.2675
=> Saving checkpoint
Epoch 13/220 - Train Loss: 0.2552, Test Loss: 0.2559, Train EPE: 8.2012, Test EPE: 8.0201
  New best model found with test loss: 0.2559
=> Saving checkpoint
Epoch 14/220 - Train Loss: 0.2488, Test Loss: 0.2577, Train EPE: 7.8474, Test EPE: 7.9823
Epoch 15/220 - Train Loss: 0.2414, Test Loss: 0.2426, Train EPE: 7.5202, Test EPE: 7.5530
  New best model found with test loss: 0.2426
=> Saving checkpoint
Epoch 16/220 - Train Loss: 0.2317, Test Loss: 0.2425, Train EPE: 7.0884, Test EPE: 7.4894
  New best model found with test loss: 0.2425
=> Saving checkpoint
Epoch 17/220 - Train Loss: 0.2285, Test Loss: 0.2401, Train EPE: 6.9156, Test EPE: 7.6632
  New best model found with test loss: 0.2401
=> Saving checkpoint
Epoch 18/220 - Train Loss: 0.2249, Test Loss: 0.2278, Train EPE: 6.7879, Test EPE: 6.7916
  New best model found with test loss: 0.2278
=> Saving checkpoint
Epoch 19/220 - Train Loss: 0.2221, Test Loss: 0.2311, Train EPE: 6.6296, Test EPE: 6.8172
Epoch 20/220 - Train Loss: 0.2199, Test Loss: 0.2189, Train EPE: 6.4921, Test EPE: 6.3798
  New best model found with test loss: 0.2189
=> Saving checkpoint
Epoch 21/220 - Train Loss: 0.2142, Test Loss: 0.2192, Train EPE: 6.2360, Test EPE: 6.4264
Epoch 22/220 - Train Loss: 0.2147, Test Loss: 0.2386, Train EPE: 6.2974, Test EPE: 7.6001
Epoch 23/220 - Train Loss: 0.2094, Test Loss: 0.2148, Train EPE: 6.0692, Test EPE: 6.1714
  New best model found with test loss: 0.2148
=> Saving checkpoint
Epoch 24/220 - Train Loss: 0.2059, Test Loss: 0.2134, Train EPE: 5.9430, Test EPE: 6.1025
  New best model found with test loss: 0.2134
=> Saving checkpoint
Epoch 25/220 - Train Loss: 0.2042, Test Loss: 0.2105, Train EPE: 5.8743, Test EPE: 6.0899
  New best model found with test loss: 0.2105
=> Saving checkpoint
Epoch 26/220 - Train Loss: 0.2036, Test Loss: 0.2108, Train EPE: 5.7614, Test EPE: 5.9654
Epoch 27/220 - Train Loss: 0.2009, Test Loss: 0.2111, Train EPE: 5.6996, Test EPE: 6.0466
Epoch 28/220 - Train Loss: 0.2014, Test Loss: 0.2032, Train EPE: 5.6817, Test EPE: 5.7210
  New best model found with test loss: 0.2032
=> Saving checkpoint
Epoch 29/220 - Train Loss: 0.1977, Test Loss: 0.2176, Train EPE: 5.5734, Test EPE: 6.5189
Epoch 30/220 - Train Loss: 0.1963, Test Loss: 0.2000, Train EPE: 5.5002, Test EPE: 5.5328
  New best model found with test loss: 0.2000
=> Saving checkpoint
Epoch 31/220 - Train Loss: 0.1948, Test Loss: 0.2008, Train EPE: 5.4645, Test EPE: 5.5793
Epoch 32/220 - Train Loss: 0.1953, Test Loss: 0.2272, Train EPE: 5.4636, Test EPE: 6.1818
Epoch 33/220 - Train Loss: 0.2014, Test Loss: 0.2042, Train EPE: 5.6150, Test EPE: 5.8252
Epoch 34/220 - Train Loss: 0.1903, Test Loss: 0.1963, Train EPE: 5.2469, Test EPE: 5.5025
  New best model found with test loss: 0.1963
=> Saving checkpoint
Epoch 35/220 - Train Loss: 0.1888, Test Loss: 0.2024, Train EPE: 5.2021, Test EPE: 5.7450
Epoch 36/220 - Train Loss: 0.1892, Test Loss: 0.1921, Train EPE: 5.1556, Test EPE: 5.1285
  New best model found with test loss: 0.1921
=> Saving checkpoint
Epoch 37/220 - Train Loss: 0.1872, Test Loss: 0.1960, Train EPE: 5.0974, Test EPE: 5.2703
Epoch 38/220 - Train Loss: 0.1861, Test Loss: 0.1953, Train EPE: 5.0688, Test EPE: 5.6489
Epoch 39/220 - Train Loss: 0.1838, Test Loss: 0.1954, Train EPE: 4.9605, Test EPE: 5.4024
Epoch 40/220 - Train Loss: 0.1827, Test Loss: 0.1894, Train EPE: 4.9004, Test EPE: 4.9761
  New best model found with test loss: 0.1894
=> Saving checkpoint
Epoch 41/220 - Train Loss: 0.1813, Test Loss: 0.1879, Train EPE: 4.8716, Test EPE: 4.9272
  New best model found with test loss: 0.1879
=> Saving checkpoint
Epoch 42/220 - Train Loss: 0.1808, Test Loss: 0.1906, Train EPE: 4.8399, Test EPE: 5.0354
Epoch 43/220 - Train Loss: 0.1809, Test Loss: 0.1926, Train EPE: 4.8417, Test EPE: 5.4142
Epoch 44/220 - Train Loss: 0.1804, Test Loss: 0.1890, Train EPE: 4.8211, Test EPE: 5.0115
Epoch 45/220 - Train Loss: 0.1797, Test Loss: 0.1873, Train EPE: 4.7815, Test EPE: 5.1867
  New best model found with test loss: 0.1873
=> Saving checkpoint
Epoch 46/220 - Train Loss: 0.1763, Test Loss: 0.1807, Train EPE: 4.6681, Test EPE: 4.7388
  New best model found with test loss: 0.1807
=> Saving checkpoint
Epoch 47/220 - Train Loss: 0.1757, Test Loss: 0.1891, Train EPE: 4.6041, Test EPE: 4.7771
Epoch 48/220 - Train Loss: 0.1768, Test Loss: 1.5549, Train EPE: 4.6735, Test EPE: 19.4594
Epoch 49/220 - Train Loss: 0.2557, Test Loss: 0.2034, Train EPE: 7.1367, Test EPE: 5.7490
Epoch 50/220 - Train Loss: 0.1910, Test Loss: 0.1913, Train EPE: 5.2744, Test EPE: 5.1513
=> Saving checkpoint
=> Saving checkpoint
  Saved periodic checkpoint at epoch 50
Epoch 51/220 - Train Loss: 0.1842, Test Loss: 0.1872, Train EPE: 4.9405, Test EPE: 5.0049
Epoch 52/220 - Train Loss: 0.1820, Test Loss: 0.1858, Train EPE: 4.8993, Test EPE: 5.0510
Epoch 53/220 - Train Loss: 0.1787, Test Loss: 0.1829, Train EPE: 4.7427, Test EPE: 4.8871
Epoch 54/220 - Train Loss: 0.1772, Test Loss: 0.1843, Train EPE: 4.6706, Test EPE: 4.9821
Epoch 55/220 - Train Loss: 0.1808, Test Loss: 0.1809, Train EPE: 4.7644, Test EPE: 4.7654
Epoch 56/220 - Train Loss: 0.1749, Test Loss: 0.1874, Train EPE: 4.5424, Test EPE: 5.1431
Epoch 57/220 - Train Loss: 0.1725, Test Loss: 0.1806, Train EPE: 4.4865, Test EPE: 4.8997
  New best model found with test loss: 0.1806
=> Saving checkpoint
Epoch 58/220 - Train Loss: 0.1723, Test Loss: 0.1773, Train EPE: 4.4290, Test EPE: 4.6351
  New best model found with test loss: 0.1773
=> Saving checkpoint
Epoch 59/220 - Train Loss: 0.1708, Test Loss: 0.1780, Train EPE: 4.3914, Test EPE: 4.6664
Epoch 60/220 - Train Loss: 0.1713, Test Loss: 0.1828, Train EPE: 4.4145, Test EPE: 4.8027
Epoch 61/220 - Train Loss: 0.1715, Test Loss: 0.1801, Train EPE: 4.3659, Test EPE: 4.6271
Epoch 62/220 - Train Loss: 0.1692, Test Loss: 0.1785, Train EPE: 4.2924, Test EPE: 4.5791
Epoch 63/220 - Train Loss: 0.1683, Test Loss: 0.1722, Train EPE: 4.2829, Test EPE: 4.4005
  New best model found with test loss: 0.1722
=> Saving checkpoint
Epoch 64/220 - Train Loss: 0.1668, Test Loss: 0.1697, Train EPE: 4.2099, Test EPE: 4.2943
  New best model found with test loss: 0.1697
=> Saving checkpoint
Epoch 65/220 - Train Loss: 0.1671, Test Loss: 0.1790, Train EPE: 4.2381, Test EPE: 4.7757
Epoch 66/220 - Train Loss: 0.1681, Test Loss: 0.1715, Train EPE: 4.2454, Test EPE: 4.2904
Epoch 67/220 - Train Loss: 0.1662, Test Loss: 0.1710, Train EPE: 4.1793, Test EPE: 4.2476
Epoch 68/220 - Train Loss: 0.1653, Test Loss: 0.1776, Train EPE: 4.1315, Test EPE: 4.2801
Epoch 69/220 - Train Loss: 0.1648, Test Loss: 0.1745, Train EPE: 4.1127, Test EPE: 4.6187
Epoch 70/220 - Train Loss: 0.1632, Test Loss: 0.1718, Train EPE: 4.0652, Test EPE: 4.4006
Epoch 71/220 - Train Loss: 0.1633, Test Loss: 0.1710, Train EPE: 4.0571, Test EPE: 4.3514
Epoch 72/220 - Train Loss: 0.1649, Test Loss: 0.1688, Train EPE: 4.0736, Test EPE: 4.1243
  New best model found with test loss: 0.1688
=> Saving checkpoint
Epoch 73/220 - Train Loss: 0.1624, Test Loss: 0.1692, Train EPE: 4.0154, Test EPE: 4.2172
Epoch 74/220 - Train Loss: 0.1635, Test Loss: 0.1840, Train EPE: 4.0876, Test EPE: 4.8100
Epoch 75/220 - Train Loss: 0.1694, Test Loss: 0.1682, Train EPE: 4.2827, Test EPE: 4.1651
  New best model found with test loss: 0.1682
=> Saving checkpoint
Epoch 76/220 - Train Loss: 0.1654, Test Loss: 0.1663, Train EPE: 4.1151, Test EPE: 4.0895
  New best model found with test loss: 0.1663
=> Saving checkpoint
Epoch 77/220 - Train Loss: 0.1626, Test Loss: 0.1691, Train EPE: 3.9954, Test EPE: 4.3301
Epoch 78/220 - Train Loss: 0.1614, Test Loss: 0.1706, Train EPE: 3.9644, Test EPE: 4.3152
Epoch 79/220 - Train Loss: 0.1611, Test Loss: 0.1659, Train EPE: 3.9573, Test EPE: 4.0265
  New best model found with test loss: 0.1659
=> Saving checkpoint
Epoch 80/220 - Train Loss: 0.1600, Test Loss: 0.1662, Train EPE: 3.9040, Test EPE: 4.1369
Epoch 81/220 - Train Loss: 0.1683, Test Loss: 0.1714, Train EPE: 4.2365, Test EPE: 4.2882
Epoch 82/220 - Train Loss: 0.1629, Test Loss: 0.1666, Train EPE: 4.0269, Test EPE: 4.1291
Epoch 83/220 - Train Loss: 0.1590, Test Loss: 0.1663, Train EPE: 3.8500, Test EPE: 4.1678
Epoch 84/220 - Train Loss: 0.1586, Test Loss: 0.1685, Train EPE: 3.8479, Test EPE: 4.1504
Epoch 85/220 - Train Loss: 0.1580, Test Loss: 0.1622, Train EPE: 3.8205, Test EPE: 3.9642
  New best model found with test loss: 0.1622
=> Saving checkpoint
Epoch 86/220 - Train Loss: 0.1589, Test Loss: 0.1668, Train EPE: 3.8602, Test EPE: 4.1959
Epoch 87/220 - Train Loss: 0.1579, Test Loss: 0.1619, Train EPE: 3.8251, Test EPE: 3.9316
  New best model found with test loss: 0.1619
=> Saving checkpoint
Epoch 88/220 - Train Loss: 0.1568, Test Loss: 0.1616, Train EPE: 3.7683, Test EPE: 3.8766
  New best model found with test loss: 0.1616
=> Saving checkpoint
Epoch 89/220 - Train Loss: 0.1567, Test Loss: 0.1630, Train EPE: 3.7582, Test EPE: 3.9416
Epoch 90/220 - Train Loss: 0.1585, Test Loss: 0.1646, Train EPE: 3.8297, Test EPE: 4.1098
Epoch 91/220 - Train Loss: 0.1575, Test Loss: 0.1627, Train EPE: 3.7980, Test EPE: 3.9271
Epoch 92/220 - Train Loss: 0.1557, Test Loss: 0.1605, Train EPE: 3.7543, Test EPE: 3.8842
  New best model found with test loss: 0.1605
=> Saving checkpoint
Epoch 93/220 - Train Loss: 0.1572, Test Loss: 0.1768, Train EPE: 3.7827, Test EPE: 4.0443
Epoch 94/220 - Train Loss: 0.1589, Test Loss: 0.1650, Train EPE: 3.8572, Test EPE: 4.1238
Epoch 95/220 - Train Loss: 0.1562, Test Loss: 0.1625, Train EPE: 3.7294, Test EPE: 3.8856
Epoch 96/220 - Train Loss: 0.1542, Test Loss: 0.1609, Train EPE: 3.6829, Test EPE: 3.8753
Epoch 97/220 - Train Loss: 0.1542, Test Loss: 0.1657, Train EPE: 3.6698, Test EPE: 4.1220
Epoch 98/220 - Train Loss: 0.1553, Test Loss: 0.1594, Train EPE: 3.6982, Test EPE: 3.8080
  New best model found with test loss: 0.1594
=> Saving checkpoint
Epoch 99/220 - Train Loss: 0.1571, Test Loss: 0.1607, Train EPE: 3.8362, Test EPE: 3.8375
Epoch 100/220 - Train Loss: 0.1542, Test Loss: 0.1622, Train EPE: 3.6550, Test EPE: 3.9867
=> Saving checkpoint
=> Saving checkpoint
  Saved periodic checkpoint at epoch 100
Epoch 101/220 - Train Loss: 0.1544, Test Loss: 0.1602, Train EPE: 3.6840, Test EPE: 3.8251
Epoch 102/220 - Train Loss: 0.1539, Test Loss: 0.1607, Train EPE: 3.6724, Test EPE: 3.8470
Epoch 103/220 - Train Loss: 0.1531, Test Loss: 0.1638, Train EPE: 3.6176, Test EPE: 4.1405
Epoch 104/220 - Train Loss: 0.1536, Test Loss: 0.1573, Train EPE: 3.6276, Test EPE: 3.7393
  New best model found with test loss: 0.1573
=> Saving checkpoint
Epoch 105/220 - Train Loss: 0.1520, Test Loss: 0.1606, Train EPE: 3.5742, Test EPE: 3.9086
Epoch 106/220 - Train Loss: 0.1527, Test Loss: 0.1590, Train EPE: 3.5870, Test EPE: 3.7192
Epoch 107/220 - Train Loss: 0.1528, Test Loss: 0.1623, Train EPE: 3.5748, Test EPE: 3.8786
Epoch 108/220 - Train Loss: 0.1520, Test Loss: 0.3113, Train EPE: 3.5667, Test EPE: 4.4639
Epoch 109/220 - Train Loss: 0.1533, Test Loss: 0.1612, Train EPE: 3.6136, Test EPE: 3.7965
Epoch 110/220 - Train Loss: 0.1527, Test Loss: 0.1590, Train EPE: 3.5818, Test EPE: 3.7770
Epoch 111/220 - Train Loss: 0.1512, Test Loss: 0.1579, Train EPE: 3.5324, Test EPE: 3.7233
Epoch 112/220 - Train Loss: 0.1512, Test Loss: 0.1677, Train EPE: 3.5419, Test EPE: 3.8744
Epoch 113/220 - Train Loss: 0.1521, Test Loss: 0.1594, Train EPE: 3.5613, Test EPE: 3.7159
Epoch 114/220 - Train Loss: 0.1513, Test Loss: 0.1574, Train EPE: 3.5654, Test EPE: 3.7351
Epoch 115/220 - Train Loss: 0.1521, Test Loss: 0.1576, Train EPE: 3.6006, Test EPE: 3.6915
Epoch 116/220 - Train Loss: 0.1513, Test Loss: 0.1575, Train EPE: 3.5750, Test EPE: 3.6911
Epoch 117/220 - Train Loss: 0.1489, Test Loss: 0.1556, Train EPE: 3.4539, Test EPE: 3.6926
  New best model found with test loss: 0.1556
=> Saving checkpoint
Epoch 118/220 - Train Loss: 0.1499, Test Loss: 0.1603, Train EPE: 3.4862, Test EPE: 3.8154
Epoch 119/220 - Train Loss: 0.1506, Test Loss: 0.1583, Train EPE: 3.5313, Test EPE: 3.8267
Epoch 120/220 - Train Loss: 0.1491, Test Loss: 0.1539, Train EPE: 3.4508, Test EPE: 3.5559
  New best model found with test loss: 0.1539
=> Saving checkpoint
Epoch 121/220 - Train Loss: 0.1481, Test Loss: 0.1556, Train EPE: 3.4357, Test EPE: 3.6807
Epoch 122/220 - Train Loss: 0.1487, Test Loss: 0.1544, Train EPE: 3.4384, Test EPE: 3.6240
Epoch 123/220 - Train Loss: 0.1583, Test Loss: 0.3703, Train EPE: 3.6713, Test EPE: 9.5524
Epoch 124/220 - Train Loss: 0.1829, Test Loss: 0.1640, Train EPE: 4.6398, Test EPE: 4.0234
Epoch 125/220 - Train Loss: 0.1544, Test Loss: 0.1568, Train EPE: 3.6471, Test EPE: 3.6958
Epoch 126/220 - Train Loss: 0.1513, Test Loss: 0.1558, Train EPE: 3.5224, Test EPE: 3.6363
Epoch 127/220 - Train Loss: 0.1496, Test Loss: 0.1594, Train EPE: 3.4742, Test EPE: 3.6655
Epoch 128/220 - Train Loss: 0.1497, Test Loss: 0.2236, Train EPE: 3.4838, Test EPE: 6.1358
Epoch 129/220 - Train Loss: 0.1634, Test Loss: 0.1585, Train EPE: 4.0111, Test EPE: 3.8035
Epoch 130/220 - Train Loss: 0.1503, Test Loss: 0.1568, Train EPE: 3.5078, Test EPE: 3.6545
Epoch 131/220 - Train Loss: 0.1497, Test Loss: 0.1550, Train EPE: 3.4832, Test EPE: 3.6220
Epoch 132/220 - Train Loss: 0.1486, Test Loss: 0.1548, Train EPE: 3.4273, Test EPE: 3.5919
Epoch 133/220 - Train Loss: 0.1475, Test Loss: 0.1544, Train EPE: 3.3942, Test EPE: 3.5530
Epoch 134/220 - Train Loss: 0.1471, Test Loss: 0.1527, Train EPE: 3.3715, Test EPE: 3.5790
  New best model found with test loss: 0.1527
=> Saving checkpoint
Epoch 135/220 - Train Loss: 0.1465, Test Loss: 0.1577, Train EPE: 3.3593, Test EPE: 3.5855
Epoch 136/220 - Train Loss: 0.1474, Test Loss: 0.1516, Train EPE: 3.3757, Test EPE: 3.4721
  New best model found with test loss: 0.1516
=> Saving checkpoint
Epoch 137/220 - Train Loss: 0.1478, Test Loss: 0.1537, Train EPE: 3.3818, Test EPE: 3.5842
Epoch 138/220 - Train Loss: 0.1471, Test Loss: 0.1557, Train EPE: 3.3873, Test EPE: 3.6528
Epoch 139/220 - Train Loss: 0.1461, Test Loss: 0.1538, Train EPE: 3.3381, Test EPE: 3.5760
Epoch 140/220 - Train Loss: 0.1471, Test Loss: 0.1527, Train EPE: 3.3666, Test EPE: 3.5223
Epoch 141/220 - Train Loss: 0.1454, Test Loss: 0.1504, Train EPE: 3.3185, Test EPE: 3.4419
  New best model found with test loss: 0.1504
=> Saving checkpoint
Epoch 142/220 - Train Loss: 0.1458, Test Loss: 0.1531, Train EPE: 3.3294, Test EPE: 3.5435
Epoch 143/220 - Train Loss: 0.1461, Test Loss: 0.1516, Train EPE: 3.3128, Test EPE: 3.4337
Epoch 144/220 - Train Loss: 0.1445, Test Loss: 0.1523, Train EPE: 3.2786, Test EPE: 3.4837
Epoch 145/220 - Train Loss: 0.1456, Test Loss: 0.1507, Train EPE: 3.3011, Test EPE: 3.4626
Epoch 146/220 - Train Loss: 0.1450, Test Loss: 0.1525, Train EPE: 3.2850, Test EPE: 3.5010
Epoch 147/220 - Train Loss: 0.1447, Test Loss: 0.1528, Train EPE: 3.2668, Test EPE: 3.5788
Epoch 148/220 - Train Loss: 0.1449, Test Loss: 0.1505, Train EPE: 3.2756, Test EPE: 3.4435
Epoch 149/220 - Train Loss: 0.1435, Test Loss: 0.1517, Train EPE: 3.2514, Test EPE: 3.5890
Epoch 150/220 - Train Loss: 0.1443, Test Loss: 0.1515, Train EPE: 3.2599, Test EPE: 3.4180
=> Saving checkpoint
=> Saving checkpoint
  Saved periodic checkpoint at epoch 150
Epoch 151/220 - Train Loss: 0.1436, Test Loss: 0.1512, Train EPE: 3.2440, Test EPE: 3.4524
Epoch 152/220 - Train Loss: 0.1431, Test Loss: 0.1521, Train EPE: 3.2210, Test EPE: 3.5353
Epoch 153/220 - Train Loss: 0.1429, Test Loss: 0.1484, Train EPE: 3.2180, Test EPE: 3.4197
  New best model found with test loss: 0.1484
=> Saving checkpoint
Epoch 154/220 - Train Loss: 0.1431, Test Loss: 0.1522, Train EPE: 3.2297, Test EPE: 3.5138
Epoch 155/220 - Train Loss: 0.1429, Test Loss: 0.1529, Train EPE: 3.2212, Test EPE: 3.4223
Epoch 156/220 - Train Loss: 0.1426, Test Loss: 0.1508, Train EPE: 3.2182, Test EPE: 3.4545
Epoch 157/220 - Train Loss: 0.1423, Test Loss: 0.1544, Train EPE: 3.2174, Test EPE: 3.5205
Epoch 158/220 - Train Loss: 0.1439, Test Loss: 0.1520, Train EPE: 3.2598, Test EPE: 3.4585
Epoch 159/220 - Train Loss: 0.1430, Test Loss: 0.1502, Train EPE: 3.2186, Test EPE: 3.5029
Epoch 160/220 - Train Loss: 0.1420, Test Loss: 0.1495, Train EPE: 3.1757, Test EPE: 3.4107
Epoch 161/220 - Train Loss: 0.1417, Test Loss: 0.1506, Train EPE: 3.1817, Test EPE: 3.4482
Epoch 162/220 - Train Loss: 0.1433, Test Loss: 0.1497, Train EPE: 3.2288, Test EPE: 3.4634
Epoch 163/220 - Train Loss: 0.1426, Test Loss: 0.1494, Train EPE: 3.2098, Test EPE: 3.4194
Epoch 164/220 - Train Loss: 0.1422, Test Loss: 0.1498, Train EPE: 3.1837, Test EPE: 3.4323
Epoch 165/220 - Train Loss: 0.1422, Test Loss: 0.1506, Train EPE: 3.2158, Test EPE: 3.5674
Epoch 166/220 - Train Loss: 0.1418, Test Loss: 0.1495, Train EPE: 3.1657, Test EPE: 3.3572
Epoch 167/220 - Train Loss: 0.1417, Test Loss: 0.1475, Train EPE: 3.1569, Test EPE: 3.3418
  New best model found with test loss: 0.1475
=> Saving checkpoint
Epoch 168/220 - Train Loss: 0.1411, Test Loss: 0.1480, Train EPE: 3.1479, Test EPE: 3.3663
Epoch 169/220 - Train Loss: 0.1409, Test Loss: 0.1475, Train EPE: 3.1425, Test EPE: 3.2912
  New best model found with test loss: 0.1475
=> Saving checkpoint
Epoch 170/220 - Train Loss: 0.1409, Test Loss: 0.1496, Train EPE: 3.1397, Test EPE: 3.3915
Epoch 171/220 - Train Loss: 0.1415, Test Loss: 0.1475, Train EPE: 3.1778, Test EPE: 3.3572
Epoch 172/220 - Train Loss: 0.1408, Test Loss: 0.1477, Train EPE: 3.1352, Test EPE: 3.3633
Epoch 173/220 - Train Loss: 0.1419, Test Loss: 0.1515, Train EPE: 3.1552, Test EPE: 3.4297
Epoch 174/220 - Train Loss: 0.1407, Test Loss: 0.1458, Train EPE: 3.1094, Test EPE: 3.2358
  New best model found with test loss: 0.1458
=> Saving checkpoint
Epoch 175/220 - Train Loss: 0.1394, Test Loss: 0.1514, Train EPE: 3.0873, Test EPE: 3.4911
Epoch 176/220 - Train Loss: 0.1402, Test Loss: 0.1521, Train EPE: 3.1096, Test EPE: 3.3646
Epoch 177/220 - Train Loss: 0.1410, Test Loss: 0.1481, Train EPE: 3.1437, Test EPE: 3.3378
Epoch 178/220 - Train Loss: 0.1400, Test Loss: 0.1480, Train EPE: 3.1068, Test EPE: 3.3899
Epoch 179/220 - Train Loss: 0.1402, Test Loss: 0.1524, Train EPE: 3.1051, Test EPE: 3.4903
Epoch 180/220 - Train Loss: 0.1441, Test Loss: 0.1474, Train EPE: 3.1801, Test EPE: 3.3270
Epoch 181/220 - Train Loss: 0.1407, Test Loss: 0.1498, Train EPE: 3.1368, Test EPE: 3.4883
Epoch 182/220 - Train Loss: 0.1400, Test Loss: 0.1481, Train EPE: 3.1213, Test EPE: 3.3069
Epoch 183/220 - Train Loss: 0.1395, Test Loss: 0.1463, Train EPE: 3.0865, Test EPE: 3.2393
Epoch 184/220 - Train Loss: 0.1395, Test Loss: 0.1515, Train EPE: 3.0627, Test EPE: 3.4661
Epoch 185/220 - Train Loss: 0.1405, Test Loss: 0.1473, Train EPE: 3.1032, Test EPE: 3.3383
Epoch 186/220 - Train Loss: 0.1395, Test Loss: 0.1478, Train EPE: 3.0668, Test EPE: 3.3498
Epoch 187/220 - Train Loss: 0.1385, Test Loss: 0.1482, Train EPE: 3.0492, Test EPE: 3.4459
Epoch 188/220 - Train Loss: 0.1382, Test Loss: 0.1458, Train EPE: 3.0486, Test EPE: 3.2664
  New best model found with test loss: 0.1458
=> Saving checkpoint
Epoch 189/220 - Train Loss: 0.1390, Test Loss: 0.1455, Train EPE: 3.0627, Test EPE: 3.2276
  New best model found with test loss: 0.1455
=> Saving checkpoint
Epoch 190/220 - Train Loss: 0.1396, Test Loss: 0.1453, Train EPE: 3.0829, Test EPE: 3.2134
  New best model found with test loss: 0.1453
=> Saving checkpoint
Epoch 191/220 - Train Loss: 0.1381, Test Loss: 0.1458, Train EPE: 3.0334, Test EPE: 3.2480
Epoch 192/220 - Train Loss: 0.1387, Test Loss: 0.1473, Train EPE: 3.0536, Test EPE: 3.3644
Epoch 193/220 - Train Loss: 0.1393, Test Loss: 0.1453, Train EPE: 3.0613, Test EPE: 3.2109
Epoch 194/220 - Train Loss: 0.1398, Test Loss: 0.1484, Train EPE: 3.0892, Test EPE: 3.3502
Epoch 195/220 - Train Loss: 0.1384, Test Loss: 0.1512, Train EPE: 3.0500, Test EPE: 3.2857
Epoch 196/220 - Train Loss: 0.1373, Test Loss: 0.1476, Train EPE: 2.9947, Test EPE: 3.2620
Epoch 197/220 - Train Loss: 0.1387, Test Loss: 0.1454, Train EPE: 3.0407, Test EPE: 3.2741
Epoch 198/220 - Train Loss: 0.1374, Test Loss: 0.1448, Train EPE: 3.0227, Test EPE: 3.1957
  New best model found with test loss: 0.1448
=> Saving checkpoint
Epoch 199/220 - Train Loss: 0.1381, Test Loss: 0.1469, Train EPE: 3.0295, Test EPE: 3.3406
Epoch 200/220 - Train Loss: 0.1378, Test Loss: 0.1463, Train EPE: 3.0125, Test EPE: 3.2309
=> Saving checkpoint
=> Saving checkpoint
  Saved periodic checkpoint at epoch 200
Epoch 201/220 - Train Loss: 0.1379, Test Loss: 0.1454, Train EPE: 3.0123, Test EPE: 3.2426
Epoch 202/220 - Train Loss: 0.1377, Test Loss: 0.1465, Train EPE: 3.0028, Test EPE: 3.2541
Epoch 203/220 - Train Loss: 0.1384, Test Loss: 0.1474, Train EPE: 3.0373, Test EPE: 3.2071
Epoch 204/220 - Train Loss: 0.1359, Test Loss: 0.1449, Train EPE: 2.9623, Test EPE: 3.2158
Epoch 205/220 - Train Loss: 0.1365, Test Loss: 0.1449, Train EPE: 2.9700, Test EPE: 3.2470
Epoch 206/220 - Train Loss: 0.1364, Test Loss: 0.1431, Train EPE: 2.9638, Test EPE: 3.1380
  New best model found with test loss: 0.1431
=> Saving checkpoint
Epoch 207/220 - Train Loss: 0.1367, Test Loss: 0.1456, Train EPE: 2.9717, Test EPE: 3.1761
Epoch 208/220 - Train Loss: 0.1361, Test Loss: 0.1444, Train EPE: 2.9605, Test EPE: 3.1758
Epoch 209/220 - Train Loss: 0.1365, Test Loss: 0.1443, Train EPE: 2.9741, Test EPE: 3.2586
Epoch 210/220 - Train Loss: 0.1362, Test Loss: 0.1440, Train EPE: 2.9491, Test EPE: 3.1714
Epoch 211/220 - Train Loss: 0.1363, Test Loss: 0.1446, Train EPE: 2.9677, Test EPE: 3.1808
Epoch 212/220 - Train Loss: 0.1363, Test Loss: 0.1423, Train EPE: 2.9607, Test EPE: 3.1321
  New best model found with test loss: 0.1423
=> Saving checkpoint
Epoch 213/220 - Train Loss: 0.1379, Test Loss: 0.1454, Train EPE: 2.9938, Test EPE: 3.2467
Epoch 214/220 - Train Loss: 0.1368, Test Loss: 0.1451, Train EPE: 2.9814, Test EPE: 3.2802
Epoch 215/220 - Train Loss: 0.1365, Test Loss: 0.1432, Train EPE: 2.9815, Test EPE: 3.1497
Epoch 216/220 - Train Loss: 0.1360, Test Loss: 0.1429, Train EPE: 2.9496, Test EPE: 3.1177
Epoch 217/220 - Train Loss: 0.1373, Test Loss: 0.1518, Train EPE: 2.9658, Test EPE: 3.2569
Epoch 218/220 - Train Loss: 0.2266, Test Loss: 0.1835, Train EPE: 5.8341, Test EPE: 4.6239
Epoch 219/220 - Train Loss: 0.1621, Test Loss: 0.1601, Train EPE: 3.9269, Test EPE: 3.8317
Epoch 220/220 - Train Loss: 0.1512, Test Loss: 0.1570, Train EPE: 3.5077, Test EPE: 3.6535
=> Saving checkpoint
=> Saving checkpoint
  Saved periodic checkpoint at epoch 220
Training finished.
